0 info it worked if it ends with ok
1 verbose cli [ '/usr/local/bin/node', '/usr/local/bin/npm', 'start' ]
2 info using npm@3.9.3
3 info using node@v6.2.1
4 verbose run-script [ 'prestart', 'start', 'poststart' ]
5 info lifecycle podeAgora@0.0.1~prestart: podeAgora@0.0.1
6 silly lifecycle podeAgora@0.0.1~prestart: no script for prestart, continuing
7 info lifecycle podeAgora@0.0.1~start: podeAgora@0.0.1
8 verbose lifecycle podeAgora@0.0.1~start: unsafe-perm in lifecycle true
9 verbose lifecycle podeAgora@0.0.1~start: PATH: /usr/local/lib/node_modules/npm/bin/node-gyp-bin:/home/wolfgio/Documentos/Projects/podeAgora/node_modules/.bin:/usr/local/bin:/home/wolfgio/bin:/usr/local/bin:/home/wolfgio/bin:/home/wolfgio/.local/bin:/usr/local/sbin:/usr/local/bin:/usr/sbin:/usr/bin:/sbin:/bin:/usr/games:/snap/bin:/home/wolfgio/Android/Sdk/tools:/home/wolfgio/Android/Sdk/platform-tools
10 verbose lifecycle podeAgora@0.0.1~start: CWD: /home/wolfgio/Documentos/Projects/podeAgora
11 silly lifecycle podeAgora@0.0.1~start: Args: [ '-c', 'gulp' ]
12 silly lifecycle podeAgora@0.0.1~start: Returned: code: 1  signal: null
13 info lifecycle podeAgora@0.0.1~start: Failed to exec start script
14 verbose stack Error: podeAgora@0.0.1 start: `gulp`
14 verbose stack Exit status 1
14 verbose stack     at EventEmitter.<anonymous> (/usr/local/lib/node_modules/npm/lib/utils/lifecycle.js:245:16)
14 verbose stack     at emitTwo (events.js:106:13)
14 verbose stack     at EventEmitter.emit (events.js:191:7)
14 verbose stack     at ChildProcess.<anonymous> (/usr/local/lib/node_modules/npm/lib/utils/spawn.js:24:14)
14 verbose stack     at emitTwo (events.js:106:13)
14 verbose stack     at ChildProcess.emit (events.js:191:7)
14 verbose stack     at maybeClose (internal/child_process.js:852:16)
14 verbose stack     at Process.ChildProcess._handle.onexit (internal/child_process.js:215:5)
15 verbose pkgid podeAgora@0.0.1
16 verbose cwd /home/wolfgio/Documentos/Projects/podeAgora
17 error Linux 4.8.0-39-generic
18 error argv "/usr/local/bin/node" "/usr/local/bin/npm" "start"
19 error node v6.2.1
20 error npm  v3.9.3
21 error code ELIFECYCLE
22 error podeAgora@0.0.1 start: `gulp`
22 error Exit status 1
23 error Failed at the podeAgora@0.0.1 start script 'gulp'.
23 error Make sure you have the latest version of node.js and npm installed.
23 error If you do, this is most likely a problem with the podeAgora package,
23 error not with npm itself.
23 error Tell the author that this fails on your system:
23 error     gulp
23 error You can get information on how to open an issue for this project with:
23 error     npm bugs podeAgora
23 error Or if that isn't available, you can get their info via:
23 error     npm owner ls podeAgora
23 error There is likely additional logging output above.
24 verbose exit [ 1, true ]
